======================================================================
R8 Global Observables Summary: SRC vs ΛCDM
======================================================================
Working directory: /home/hamel/dev/cosmo-class

Reusing outputs from R4b, R5, R6, and R7 (no new CLASS runs).

======================================================================
1. Late-time Background & Distances (R5)
======================================================================

Note: Using R5 file: R5_outputs/R5_delta_background.dat
max |ΔH/H| = 2.039648e-03 at z = 0.000
max |Δχ/χ| = 3.994661e-05 at z = 0.000

======================================================================
2. Linear Growth & fσ8 (R6)
======================================================================

max |ΔD/D| = 4.486974e-04 at z = 2.0
max |Δf/f| = 1.684380e-03 at z = 0.0
max |Δσ8/σ8| = 4.471764e-04 at z = 0.0
max |Δ(fσ8)/(fσ8)| (z ≤ 1.5) = 2.130803e-03 at z = 0.0

======================================================================
3. Spectra: P(k,z) & C_ℓ (R4b)
======================================================================

max |ΔP/P| (k ≤ 1 h/Mpc, all z) = 8.994918e-04
  at z = 0.0, k = 7.094585e-01 h/Mpc

max |ΔC_ℓ^TT/C_ℓ^TT| (ℓ ≤ 2000) = 1.231278e-03 at ℓ = 1549
max |ΔC_ℓ^EE/C_ℓ^EE| (ℓ ≤ 2000) = 2.172188e-03 at ℓ = 1721
(TE spectrum available for diagnostics, not used in PASS/FAIL)

======================================================================
4. Low-ℓ TT & ISW Amplitude Proxy (R7)
======================================================================

max |ΔC_ℓ/C_ℓ| (2≤ℓ≤10) = 6.511309e-04 at ℓ = 2
RMS |ΔC_ℓ/C_ℓ| (2≤ℓ≤50) = 1.363542e-04
A_ISW (2≤ℓ≤30) = 1.000053e+00

======================================================================
COMBINED VALIDATION CRITERIA
======================================================================

======================================================================
SUMMARY
======================================================================

Background (R5): ✓
  max |ΔH/H| = 2.039648e-03 (tolerance: 5e-02)
  max |Δχ/χ| = 3.994661e-05 (tolerance: 5e-02)

Growth (R6): ✓
  max |ΔD/D| = 4.486974e-04 (tolerance: 2e-02)
  max |Δf/f| = 1.684380e-03 (tolerance: 3e-02)
  max |Δσ8/σ8| = 4.471764e-04 (tolerance: 3e-02)
  max |Δ(fσ8)/(fσ8)| (z≤1.5) = 2.130803e-03 (tolerance: 3e-02)

P(k) spectra (R4b): ✓
  max |ΔP/P| (k≤1 h/Mpc) = 8.994918e-04 (tolerance: 2e-02)

C_ℓ spectra (R4b): ✓
  max |ΔC_ℓ^TT/C_ℓ^TT| (ℓ≤2000) = 1.231278e-03 (tolerance: 2e-02)
  max |ΔC_ℓ^EE/C_ℓ^EE| (ℓ≤2000) = 2.172188e-03 (tolerance: 2e-02)

Low-ℓ TT & ISW (R7): ✓
  max |ΔC_ℓ/C_ℓ| (2≤ℓ≤10) = 6.511309e-04 (tolerance: 3e-02)
  RMS |ΔC_ℓ/C_ℓ| (2≤ℓ≤50) = 1.363542e-04 (tolerance: 1e-02)
  |A_ISW - 1| = 5.294605e-05 (tolerance: 5e-02)

======================================================================
RESULT: ✓ PASS - SRC global observables consistent with ΛCDM
        at O(1–2%) in the physical window
======================================================================

======================================================================
Exporting combined table...
======================================================================

Saved to: R8_outputs/R8_global_observables.dat

