======================================================================
R6 Linear Growth & fσ8 Diagnostics: SRC vs LCDM
======================================================================
Working directory: /home/hamel/dev/cosmo-class

Reading P(k,z) files from R4 outputs...

Loaded P(k,z) for z = [0.0, 0.5, 1.0, 2.0]

======================================================================
1. Linear Growth Factor D(z)
======================================================================
Using reference scale k0 = 0.1 h/Mpc

z      D_LCDM    D_SRC     D_ratio   ΔD/D
 0.0   1.000000  1.000000  1.000000  +0.000000e+00
 0.5   0.770374  0.770713  1.000440  +4.395159e-04
 1.0   0.608501  0.608774  1.000449  +4.486928e-04
 2.0   0.418687  0.418875  1.000449  +4.486974e-04

max |ΔD/D| = 4.49e-04 at z = 2.0 (tolerance: 2e-02)

======================================================================
2. Growth Rate f(z) = d ln D / d ln a
======================================================================

z      f_LCDM    f_SRC     f_ratio   Δf/f
 0.0   0.643407  0.642323  0.998316  -1.684380e-03
 0.5   0.746663  0.746195  0.999373  -6.273843e-04
 1.0   0.862327  0.862309  0.999978  -2.163485e-05
 2.0   0.922090  0.922090  1.000000  -1.233831e-08

max |Δf/f| = 1.68e-03 at z = 0.0 (tolerance: 3e-02)

======================================================================
3. σ8(z) from Top-Hat Filter
======================================================================
Using top-hat radius R = 8.0 h⁻¹ Mpc

z      σ8_LCDM   σ8_SRC    σ8_ratio  Δσ8/σ8
 0.0   0.824881  0.824512  0.999553  -4.471764e-04
 0.5   0.635471  0.635465  0.999991  -9.125596e-06
 1.0   0.501943  0.501943  1.000000  +8.023121e-08
 2.0   0.345368  0.345368  1.000000  +8.022305e-08

max |Δσ8/σ8| = 4.47e-04 at z = 0.0 (tolerance: 3e-02)

======================================================================
4. fσ8(z) = f(z) × σ8(z)
======================================================================

z      fσ8_LCDM  fσ8_SRC   fσ8_ratio Δ(fσ8)/(fσ8)
 0.0   0.530734  0.529603  0.997869  -2.130803e-03
 0.5   0.474483  0.474181  0.999363  -6.365042e-04
 1.0   0.432839  0.432830  0.999978  -2.155462e-05
 2.0   0.318460  0.318460  1.000000  +6.788474e-08

max |Δ(fσ8)/(fσ8)| = 2.13e-03 at z = 0.0 (tolerance: 3e-02)
  For z ≤ 1.5: max |Δ(fσ8)/(fσ8)| = 2.13e-03 at z = 0.0

======================================================================
Exporting data file...
======================================================================
Saved to: R6_outputs/R6_growth_table.dat

======================================================================
VALIDATION CRITERIA
======================================================================
max |ΔD/D| ≤ 2e-02: 4.49e-04 at z = 2.0 ✓
max |Δf/f| ≤ 3e-02: 1.68e-03 at z = 0.0 ✓
max |Δσ8/σ8| ≤ 3e-02: 4.47e-04 at z = 0.0 ✓
max |Δ(fσ8)/(fσ8)| (z ≤ 1.5) ≤ 3e-02: 2.13e-03 at z = 0.0 ✓
======================================================================
SUMMARY
======================================================================
max |ΔD/D| = 4.49e-04 at z = 2.0 (tolerance: 2e-02)
max |Δf/f| = 1.68e-03 at z = 0.0 (tolerance: 3e-02)
max |Δσ8/σ8| = 4.47e-04 at z = 0.0 (tolerance: 3e-02)
max |Δ(fσ8)/(fσ8)| (z ≤ 1.5) = 2.13e-03 at z = 0.0 (tolerance: 3e-02)

Growth table:
  z      ΔD/D      Δf/f      Δσ8/σ8    Δ(fσ8)/(fσ8)
   0.0   +0.000000e+00  -1.684380e-03  -4.471764e-04  -2.130803e-03
   0.5   +4.395159e-04  -6.273843e-04  -9.125596e-06  -6.365042e-04
   1.0   +4.486928e-04  -2.163485e-05  +8.023121e-08  -2.155462e-05
   2.0   +4.486974e-04  -1.233831e-08  +8.022305e-08  +6.788474e-08
======================================================================
RESULT: ✓ PASS - SRC linear growth and fσ8 differ from ΛCDM at the O(1–3%) level
        in the late-time window, consistent with a small dissipative modulation.
        - Data file saved to: R6_outputs/R6_growth_table.dat
