======================================================================
R9 BAO-scale Diagnostics: SRC vs LCDM
======================================================================
Working directory: /home/hamel/dev/cosmo-class

Using R5 outputs (no new CLASS runs).

Using CLASS R5 background files (LCDM & SRC).
z-range available: [0.000, 3.000]
------------------------------------------------------------------
1. Late-time background inputs (from R5)
------------------------------------------------------------------

------------------------------------------------------------------
2. Sound horizon r_s from R5 logs
------------------------------------------------------------------
  r_s_LCDM = 147.071614 Mpc
  r_s_SRC  = 147.071614 Mpc
  Δr_s/r_s = 0.00e+00

------------------------------------------------------------------
3. BAO distances D_H, D_M, D_V at standard BAO redshifts
------------------------------------------------------------------
z      ΔD_H/D_H     ΔD_M/D_M     ΔD_V/D_V
0.106  -1.667e-03  -2.431e-05  -5.721e-04
0.150  -1.461e-03  -1.883e-05  -4.999e-04
0.380  -3.722e-04  -2.789e-06  -1.259e-04
0.510  -1.020e-04  -6.155e-07  -3.440e-05
0.610  -3.018e-05  -1.596e-07  -1.017e-05

------------------------------------------------------------------
4. Exporting BAO table
------------------------------------------------------------------
Saved BAO table to: R9_outputs/R9_bao_results.dat

======================================================================
VALIDATION CRITERIA
======================================================================
|Δr_s/r_s| ≤ 5e-03: 0.00e+00 ✓
max |ΔD_H/D_H| ≤ 1e-02: 1.67e-03 at z = 0.106 ✓
max |ΔD_M/D_M| ≤ 1e-02: 2.43e-05 at z = 0.106 ✓
max |ΔD_V/D_V| ≤ 1e-02: 5.72e-04 at z = 0.106 ✓
======================================================================
SUMMARY
======================================================================
Δr_s/r_s = 0.00e+00 (tolerance: 5e-03)
max |ΔD_H/D_H| = 1.67e-03 at z = 0.106 (tolerance: 1e-02)
max |ΔD_M/D_M| = 2.43e-05 at z = 0.106 (tolerance: 1e-02)
max |ΔD_V/D_V| = 5.72e-04 at z = 0.106 (tolerance: 1e-02)

BAO table: R9_outputs/R9_bao_results.dat

======================================================================
RESULT: ✓ PASS - SRC BAO-scale distances consistent with ΛCDM
        at ≲ O(1%) level across standard BAO redshifts.
======================================================================
